<?xml version="1.0" encoding="UTF-8"?>
<!-- Generated by org.testng.reporters.JUnitReportReporter -->
<testsuite hostname="DESKTOP-73G0TGN" failures="0" tests="1" name="test.NormalClass" time="93.627" errors="0" timestamp="2023-07-11T07:25:29 IST" skipped="0">
  <testcase classname="test.NormalClass" name="browserLaunch" time="93.627"/>
  <system-out/>
</testsuite> <!-- test.NormalClass -->
