<?xml version="1.0" encoding="UTF-8"?>
<!-- Generated by org.testng.reporters.JUnitReportReporter -->
<testsuite hostname="DESKTOP-73G0TGN" failures="0" tests="6" name="include.IncludeExclude" time="0.075" errors="0" timestamp="2023-07-14T07:48:10 IST" skipped="3">
  <testcase classname="include.IncludeExclude" name="smokeTestTwo" time="0.045"/>
  <testcase classname="include.IncludeExclude" name="smokeTestOne" time="0.013"/>
  <testcase classname="include.IncludeExclude" name="smokeTestThree" time="0.017"/>
  <testcase classname="include.IncludeExclude" name="regressionTestThree">
    <skipped/>
  </testcase> <!-- regressionTestThree -->
  <testcase classname="include.IncludeExclude" name="regressionTestTwo">
    <skipped/>
  </testcase> <!-- regressionTestTwo -->
  <testcase classname="include.IncludeExclude" name="regressionTestOne">
    <skipped/>
  </testcase> <!-- regressionTestOne -->
</testsuite> <!-- include.IncludeExclude -->
