<?xml version="1.0" encoding="UTF-8"?>
<!-- Generated by org.testng.reporters.JUnitReportReporter -->
<testsuite hostname="DESKTOP-73G0TGN" failures="0" tests="1" name="paral.ParallelTest" time="112.567" errors="0" timestamp="2023-07-20T08:26:15 IST" skipped="0">
  <testcase classname="paral.ParallelTest" name="firstBrowserLaunch" time="112.567"/>
</testsuite> <!-- paral.ParallelTest -->
