<?xml version="1.0" encoding="UTF-8"?>
<!-- Generated by org.testng.reporters.JUnitReportReporter -->
<testsuite hostname="DESKTOP-73G0TGN" failures="0" tests="1" name="paral.SecondPara" time="54.266" errors="0" timestamp="2023-07-20T22:45:32 IST" skipped="0">
  <testcase classname="paral.SecondPara" name="secondBrowserLaunch" time="54.266"/>
</testsuite> <!-- paral.SecondPara -->
