<?xml version="1.0" encoding="UTF-8"?>
<!-- Generated by org.testng.reporters.JUnitReportReporter -->
<testsuite hostname="DESKTOP-73G0TGN" failures="0" tests="1" name="para.Parametrization" time="95.561" errors="0" timestamp="2023-07-17T08:32:37 IST" skipped="0">
  <testcase classname="para.Parametrization" name="browserLaunch" time="95.561"/>
</testsuite> <!-- para.Parametrization -->
