<?xml version="1.0" encoding="UTF-8"?>
<!-- Generated by org.testng.reporters.JUnitReportReporter -->
<testsuite hostname="DESKTOP-73G0TGN" failures="0" tests="2" name="testNG.LoginTest" time="17.127" errors="0" timestamp="2023-07-12T08:15:54 IST" skipped="0">
  <testcase classname="testNG.LoginTest" name="login" time="16.311"/>
  <testcase classname="testNG.LoginTest" name="cash" time="0.816"/>
</testsuite> <!-- testNG.LoginTest -->
