<?xml version="1.0" encoding="UTF-8"?>
<!-- Generated by org.testng.reporters.JUnitReportReporter -->
<testsuite hostname="DESKTOP-73G0TGN" failures="0" tests="1" name="window.WindowHandle" time="75.823" errors="0" timestamp="2023-07-21T08:38:35 IST" skipped="0">
  <testcase classname="window.WindowHandle" name="windowHandle" time="75.823"/>
</testsuite> <!-- window.WindowHandle -->
