<?xml version="1.0" encoding="UTF-8"?>
<!-- Generated by org.testng.reporters.JUnitReportReporter -->
<testsuite hostname="DESKTOP-73G0TGN" failures="0" tests="2" name="testNG.AnnotationInTestNG" time="0.038" errors="0" timestamp="2023-07-11T07:57:28 IST" skipped="0">
  <testcase classname="testNG.AnnotationInTestNG" name="testCaseOne" time="0.015"/>
  <testcase classname="testNG.AnnotationInTestNG" name="testCaseTwo" time="0.023"/>
</testsuite> <!-- testNG.AnnotationInTestNG -->
