<?xml version="1.0" encoding="UTF-8"?>
<!-- Generated by org.testng.reporters.JUnitReportReporter -->
<testsuite hostname="DESKTOP-73G0TGN" failures="0" tests="1" name="paral.SecondPara" time="112.572" errors="0" timestamp="2023-07-20T08:26:15 IST" skipped="0">
  <testcase classname="paral.SecondPara" name="secondBrowserLaunch" time="112.572"/>
</testsuite> <!-- paral.SecondPara -->
