<?xml version="1.0" encoding="UTF-8"?>
<!-- Generated by org.testng.reporters.JUnitReportReporter -->
<testsuite hostname="DESKTOP-73G0TGN" failures="0" tests="1" name="screen.CapturedScreenShot" time="74.221" errors="0" timestamp="2023-07-25T08:18:10 IST" skipped="0">
  <testcase classname="screen.CapturedScreenShot" name="screenshot" time="74.221"/>
</testsuite> <!-- screen.CapturedScreenShot -->
