<?xml version="1.0" encoding="UTF-8"?>
<!-- Generated by org.testng.reporters.JUnitReportReporter -->
<testsuite hostname="DESKTOP-73G0TGN" failures="0" tests="3" name="para.LoginDataProvider" time="173.086" errors="0" timestamp="2023-07-20T08:05:16 IST" skipped="0">
  <testcase classname="para.LoginDataProvider" name="loginTestCase" time="51.124"/>
  <testcase classname="para.LoginDataProvider" name="loginTestCase" time="61.639"/>
  <testcase classname="para.LoginDataProvider" name="loginTestCase" time="60.323"/>
</testsuite> <!-- para.LoginDataProvider -->
