<?xml version="1.0" encoding="UTF-8"?>
<!-- Generated by org.testng.reporters.JUnitReportReporter -->
<testsuite hostname="DESKTOP-73G0TGN" failures="0" tests="1" name="test.ScreenShot" time="45.598" errors="0" timestamp="2023-07-24T21:04:58 IST" skipped="0">
  <testcase classname="test.ScreenShot" name="screenTest" time="45.598"/>
</testsuite> <!-- test.ScreenShot -->
