<?xml version="1.0" encoding="UTF-8"?>
<!-- Generated by org.testng.reporters.JUnitReportReporter -->
<testsuite hostname="DESKTOP-73G0TGN" failures="0" tests="6" name="include.EnableAndDisable" time="0.085" errors="0" timestamp="2023-07-20T22:28:36 IST" skipped="3">
  <testcase classname="include.EnableAndDisable" name="smokeTestTwo" time="0.059"/>
  <testcase classname="include.EnableAndDisable" name="smokeTestOne" time="0.004"/>
  <testcase classname="include.EnableAndDisable" name="smokeTestThree" time="0.022"/>
  <testcase classname="include.EnableAndDisable" name="regressionTestTwo">
    <skipped/>
  </testcase> <!-- regressionTestTwo -->
  <testcase classname="include.EnableAndDisable" name="regressionTestOne">
    <skipped/>
  </testcase> <!-- regressionTestOne -->
  <testcase classname="include.EnableAndDisable" name="regressionTestThree">
    <skipped/>
  </testcase> <!-- regressionTestThree -->
</testsuite> <!-- include.EnableAndDisable -->
