<?xml version="1.0" encoding="UTF-8"?>
<!-- Generated by org.testng.reporters.JUnitReportReporter -->
<testsuite hostname="DESKTOP-73G0TGN" failures="0" tests="6" name="include.EnableAndDisable" time="0.130" errors="0" timestamp="2023-07-14T08:22:58 IST" skipped="3">
  <testcase classname="include.EnableAndDisable" name="smokeTestTwo" time="0.060"/>
  <testcase classname="include.EnableAndDisable" name="smokeTestOne" time="0.031"/>
  <testcase classname="include.EnableAndDisable" name="smokeTestThree" time="0.039"/>
  <testcase classname="include.EnableAndDisable" name="regressionTestOne">
    <skipped/>
  </testcase> <!-- regressionTestOne -->
  <testcase classname="include.EnableAndDisable" name="regressionTestThree">
    <skipped/>
  </testcase> <!-- regressionTestThree -->
  <testcase classname="include.EnableAndDisable" name="regressionTestTwo">
    <skipped/>
  </testcase> <!-- regressionTestTwo -->
</testsuite> <!-- include.EnableAndDisable -->
