<?xml version="1.0" encoding="UTF-8"?>
<!-- Generated by org.testng.reporters.JUnitReportReporter -->
<testsuite hostname="DESKTOP-73G0TGN" failures="0" tests="3" name="para.DataProvider_Concept" time="0.037" errors="0" timestamp="2023-07-20T07:47:10 IST" skipped="0">
  <testcase classname="para.DataProvider_Concept" name="loginTestCase" time="0.005"/>
  <testcase classname="para.DataProvider_Concept" name="loginTestCase" time="0.004"/>
  <testcase classname="para.DataProvider_Concept" name="loginTestCase" time="0.028"/>
</testsuite> <!-- para.DataProvider_Concept -->
